<?xml version="1.0" encoding="UTF-8"?>
<!-- Generated by org.testng.reporters.JUnitReportReporter -->
<testsuite hostname="DESKTOP-9B2JCSO" failures="0" tests="2" name="org.testngpractice.TestScenario1" time="20.379" errors="0" timestamp="2023-10-26T11:34:18 IST" skipped="0">
  <testcase classname="org.testngpractice.TestScenario1" name="tc1_1" time="11.479"/>
  <testcase classname="org.testngpractice.TestScenario1" name="tc1_2" time="8.900"/>
</testsuite> <!-- org.testngpractice.TestScenario1 -->
