<?xml version="1.0" encoding="UTF-8"?>
<!-- Generated by org.testng.reporters.JUnitReportReporter -->
<testsuite hostname="DESKTOP-9B2JCSO" failures="0" tests="1" name="org.testngpractice.TestScenario2" time="10.222" errors="0" timestamp="2023-10-26T11:34:18 IST" skipped="0">
  <testcase classname="org.testngpractice.TestScenario2" name="tc2_1" time="10.222"/>
</testsuite> <!-- org.testngpractice.TestScenario2 -->
