<?xml version="1.0" encoding="UTF-8"?>
<!-- Generated by org.testng.reporters.JUnitReportReporter -->
<testsuite hostname="DESKTOP-9B2JCSO" failures="0" tests="1" name="org.testngpractice.Sample" time="11.159" errors="0" timestamp="2023-10-27T11:41:36 IST" skipped="0">
  <testcase classname="org.testngpractice.Sample" name="tcs_1" time="11.159">
    <system-out>
      <![CDATA[GitHub is to be launched]]>
    </system-out>
  </testcase> <!-- tcs_1 -->
  <system-out>
    <![CDATA[GitHub is to be launched]]>
  </system-out>
</testsuite> <!-- org.testngpractice.Sample -->
