<?xml version="1.0" encoding="UTF-8"?>
<!-- Generated by org.testng.reporters.JUnitReportReporter -->
<testsuite hostname="DESKTOP-9B2JCSO" failures="0" tests="1" name="org.testngpractice.TestCase1" time="1.368" errors="0" timestamp="2023-10-17T11:49:37 IST" skipped="0">
  <testcase classname="org.testngpractice.TestCase1" name="tc1" time="1.368"/>
</testsuite> <!-- org.testngpractice.TestCase1 -->
