<?xml version="1.0" encoding="UTF-8"?>
<!-- Generated by org.testng.reporters.JUnitReportReporter -->
<testsuite hostname="DESKTOP-9B2JCSO" failures="0" tests="2" name="org.testngpractice.TestScenario2" time="4.076" errors="0" timestamp="2023-10-23T14:57:23 IST" skipped="0">
  <testcase classname="org.testngpractice.TestScenario2" name="tc1" time="0.633"/>
  <testcase classname="org.testngpractice.TestScenario2" name="tc1" time="3.443"/>
</testsuite> <!-- org.testngpractice.TestScenario2 -->
